<?xml version="1.0" encoding="UTF-8" standalone="yes"?>
<ns2:test-suite start="1496344269909" stop="1496344415275" version="1.5.2" xmlns:ns2="urn:model.allure.qatools.yandex.ru">
    <name>Default suite : Default test</name>
    <title>Default suite : Default test</title>
    <test-cases>
        <test-case start="1496344270135" stop="1496344415149" status="failed">
            <name>testTextSwitcher</name>
            <failure>
                <message>AssertionError: expected [1] but found []</message>
                <stack-trace>java.lang.AssertionError: expected [1] but found []
	at org.testng.Assert.fail(Assert.java:94)
	at org.testng.Assert.failNotEquals(Assert.java:513)
	at org.testng.Assert.assertEqualsImpl(Assert.java:135)
	at org.testng.Assert.assertEquals(Assert.java:116)
	at org.testng.Assert.assertEquals(Assert.java:190)
	at org.testng.Assert.assertEquals(Assert.java:200)
	at com.qagroup.apidemos.test.TextSwitcherTest.testTextSwitcher(TextSwitcherTest.java:31)
	at sun.reflect.NativeMethodAccessorImpl.invoke0(Native Method)
	at sun.reflect.NativeMethodAccessorImpl.invoke(Unknown Source)
	at sun.reflect.DelegatingMethodAccessorImpl.invoke(Unknown Source)
	at java.lang.reflect.Method.invoke(Unknown Source)
	at org.testng.internal.MethodInvocationHelper.invokeMethod(MethodInvocationHelper.java:100)
	at org.testng.internal.Invoker.invokeMethod(Invoker.java:646)
	at org.testng.internal.Invoker.invokeTestMethod(Invoker.java:811)
	at org.testng.internal.Invoker.invokeTestMethods(Invoker.java:1129)
	at org.testng.internal.TestMethodWorker.invokeTestMethods(TestMethodWorker.java:129)
	at org.testng.internal.TestMethodWorker.run(TestMethodWorker.java:112)
	at org.testng.TestRunner.privateRun(TestRunner.java:746)
	at org.testng.TestRunner.run(TestRunner.java:600)
	at org.testng.SuiteRunner.runTest(SuiteRunner.java:366)
	at org.testng.SuiteRunner.runSequentially(SuiteRunner.java:361)
	at org.testng.SuiteRunner.privateRun(SuiteRunner.java:319)
	at org.testng.SuiteRunner.run(SuiteRunner.java:268)
	at org.testng.SuiteRunnerWorker.runSuite(SuiteRunnerWorker.java:52)
	at org.testng.SuiteRunnerWorker.run(SuiteRunnerWorker.java:86)
	at org.testng.TestNG.runSuitesSequentially(TestNG.java:1264)
	at org.testng.TestNG.runSuitesLocally(TestNG.java:1189)
	at org.testng.TestNG.runSuites(TestNG.java:1104)
	at org.testng.TestNG.run(TestNG.java:1076)
	at org.testng.remote.AbstractRemoteTestNG.run(AbstractRemoteTestNG.java:132)
	at org.testng.remote.RemoteTestNG.initAndRun(RemoteTestNG.java:230)
	at org.testng.remote.RemoteTestNG.main(RemoteTestNG.java:76)
</stack-trace>
            </failure>
            <steps>
                <step start="1496344270298" stop="1496344404638" status="passed">
                    <name>openMainScreen</name>
                    <title>Open ApiDemos main screen</title>
                </step>
                <step start="1496344404639" stop="1496344405516" status="passed">
                    <name>selectViewsTab</name>
                    <title>Select Views tab</title>
                </step>
                <step start="1496344405521" stop="1496344413047" status="passed">
                    <name>scrollTo[TextSwitcher]</name>
                    <title>Scroll to Text Switcher</title>
                </step>
                <step start="1496344413051" stop="1496344413735" status="passed">
                    <name>selectTextSwitcherTab</name>
                    <title>Select Text Switcher tab</title>
                </step>
                <step start="1496344413741" stop="1496344414471" status="passed">
                    <name>clickNextButtonOnTextSwitcherScreen</name>
                    <title>Click NEXT button</title>
                </step>
            </steps>
            <attachments/>
            <labels>
                <label name="testSuite" value="Default suite"/>
                <label name="testGroup" value="Default test"/>
                <label name="testClass" value="com.qagroup.apidemos.test.TextSwitcherTest"/>
                <label name="testMethod" value="testTextSwitcher"/>
                <label name="host" value="tvl-note"/>
                <label name="thread" value="9676@tvl-note.main(1)"/>
            </labels>
        </test-case>
        <test-case start="1496344270135" stop="1496344415149" status="failed">
            <name>testTextSwitcher</name>
            <failure>
                <message>AssertionError: expected [1] but found []</message>
                <stack-trace>java.lang.AssertionError: expected [1] but found []
	at org.testng.Assert.fail(Assert.java:94)
	at org.testng.Assert.failNotEquals(Assert.java:513)
	at org.testng.Assert.assertEqualsImpl(Assert.java:135)
	at org.testng.Assert.assertEquals(Assert.java:116)
	at org.testng.Assert.assertEquals(Assert.java:190)
	at org.testng.Assert.assertEquals(Assert.java:200)
	at com.qagroup.apidemos.test.TextSwitcherTest.testTextSwitcher(TextSwitcherTest.java:31)
	at sun.reflect.NativeMethodAccessorImpl.invoke0(Native Method)
	at sun.reflect.NativeMethodAccessorImpl.invoke(Unknown Source)
	at sun.reflect.DelegatingMethodAccessorImpl.invoke(Unknown Source)
	at java.lang.reflect.Method.invoke(Unknown Source)
	at org.testng.internal.MethodInvocationHelper.invokeMethod(MethodInvocationHelper.java:100)
	at org.testng.internal.Invoker.invokeMethod(Invoker.java:646)
	at org.testng.internal.Invoker.invokeTestMethod(Invoker.java:811)
	at org.testng.internal.Invoker.invokeTestMethods(Invoker.java:1129)
	at org.testng.internal.TestMethodWorker.invokeTestMethods(TestMethodWorker.java:129)
	at org.testng.internal.TestMethodWorker.run(TestMethodWorker.java:112)
	at org.testng.TestRunner.privateRun(TestRunner.java:746)
	at org.testng.TestRunner.run(TestRunner.java:600)
	at org.testng.SuiteRunner.runTest(SuiteRunner.java:366)
	at org.testng.SuiteRunner.runSequentially(SuiteRunner.java:361)
	at org.testng.SuiteRunner.privateRun(SuiteRunner.java:319)
	at org.testng.SuiteRunner.run(SuiteRunner.java:268)
	at org.testng.SuiteRunnerWorker.runSuite(SuiteRunnerWorker.java:52)
	at org.testng.SuiteRunnerWorker.run(SuiteRunnerWorker.java:86)
	at org.testng.TestNG.runSuitesSequentially(TestNG.java:1264)
	at org.testng.TestNG.runSuitesLocally(TestNG.java:1189)
	at org.testng.TestNG.runSuites(TestNG.java:1104)
	at org.testng.TestNG.run(TestNG.java:1076)
	at org.testng.remote.AbstractRemoteTestNG.run(AbstractRemoteTestNG.java:132)
	at org.testng.remote.RemoteTestNG.initAndRun(RemoteTestNG.java:230)
	at org.testng.remote.RemoteTestNG.main(RemoteTestNG.java:76)
</stack-trace>
            </failure>
            <steps>
                <step start="1496344270298" stop="1496344404638" status="passed">
                    <name>openMainScreen</name>
                    <title>Open ApiDemos main screen</title>
                </step>
                <step start="1496344404639" stop="1496344405516" status="passed">
                    <name>selectViewsTab</name>
                    <title>Select Views tab</title>
                </step>
                <step start="1496344405521" stop="1496344413047" status="passed">
                    <name>scrollTo[TextSwitcher]</name>
                    <title>Scroll to Text Switcher</title>
                </step>
                <step start="1496344413051" stop="1496344413735" status="passed">
                    <name>selectTextSwitcherTab</name>
                    <title>Select Text Switcher tab</title>
                </step>
                <step start="1496344413741" stop="1496344414471" status="passed">
                    <name>clickNextButtonOnTextSwitcherScreen</name>
                    <title>Click NEXT button</title>
                </step>
            </steps>
            <attachments/>
            <labels>
                <label name="testSuite" value="Default suite"/>
                <label name="testGroup" value="Default test"/>
                <label name="testClass" value="com.qagroup.apidemos.test.TextSwitcherTest"/>
                <label name="testMethod" value="testTextSwitcher"/>
                <label name="host" value="tvl-note"/>
                <label name="thread" value="9676@tvl-note.main(1)"/>
            </labels>
        </test-case>
    </test-cases>
    <labels>
        <label name="framework" value="TestNG"/>
        <label name="language" value="JAVA"/>
    </labels>
</ns2:test-suite>
